2015-09-15 21:39:17,826 INFO [Version.java] - HV000001: Hibernate Validator 4.3.1.Final
2015-09-15 21:39:18,507 INFO [Version.java] - HCANN000001: Hibernate Commons Annotations {4.0.1.Final}
2015-09-15 21:39:18,513 INFO [Version.java] - HHH000412: Hibernate Core {4.2.0.Final}
2015-09-15 21:39:18,516 INFO [Environment.java] - HHH000206: hibernate.properties not found
2015-09-15 21:39:18,518 INFO [Environment.java] - HHH000021: Bytecode provider name : javassist
2015-09-15 21:39:18,744 INFO [ConnectionProviderInitiator.java] - HHH000130: Instantiating explicit connection provider: org.hibernate.service.jdbc.connections.internal.C3P0ConnectionProvider
2015-09-15 21:39:18,745 INFO [C3P0ConnectionProvider.java] - HHH010002: C3P0 using driver: com.mysql.jdbc.Driver at URL: jdbc:mysql://127.0.0.1/bysj?autoReconnect=true&useUnicode=true&characterEncoding=utf8
2015-09-15 21:39:18,746 INFO [C3P0ConnectionProvider.java] - HHH000046: Connection properties: {autoReconnect=true, user=root, password=****, autocommit=true, release_mode=auto}
2015-09-15 21:39:18,747 INFO [C3P0ConnectionProvider.java] - HHH000006: Autocommit mode: true
2015-09-15 21:39:18,765 INFO [MLog.java] - MLog clients using log4j logging.
2015-09-15 21:39:18,884 INFO [C3P0Registry.java] - Initializing c3p0-0.9.2.1 [built 20-March-2013 10:47:27 +0000; debug? true; trace: 10]
2015-09-15 21:39:18,945 INFO [Dialect.java] - HHH000400: Using dialect: org.hibernate.dialect.MySQLInnoDBDialect
2015-09-15 21:39:18,955 INFO [LobCreatorBuilder.java] - HHH000422: Disabling contextual LOB creation as connection was null
2015-09-15 21:39:18,972 INFO [TransactionFactoryInitiator.java] - HHH000268: Transaction strategy: org.hibernate.engine.transaction.internal.jdbc.JdbcTransactionFactory
2015-09-15 21:39:18,981 INFO [ASTQueryTranslatorFactory.java] - HHH000397: Using ASTQueryTranslatorFactory
2015-09-15 21:39:19,184 INFO [ConnectionProviderInitiator.java] - HHH000130: Instantiating explicit connection provider: org.hibernate.service.jdbc.connections.internal.C3P0ConnectionProvider
2015-09-15 21:39:19,185 INFO [C3P0ConnectionProvider.java] - HHH010002: C3P0 using driver: com.mysql.jdbc.Driver at URL: jdbc:mysql://127.0.0.1/bysj?autoReconnect=true&useUnicode=true&characterEncoding=utf8
2015-09-15 21:39:19,186 INFO [C3P0ConnectionProvider.java] - HHH000046: Connection properties: {autoReconnect=true, user=root, password=****, autocommit=true, release_mode=auto}
2015-09-15 21:39:19,187 INFO [C3P0ConnectionProvider.java] - HHH000006: Autocommit mode: true
2015-09-15 21:39:19,215 INFO [Dialect.java] - HHH000400: Using dialect: org.hibernate.dialect.MySQLInnoDBDialect
2015-09-15 21:39:19,216 INFO [LobCreatorBuilder.java] - HHH000422: Disabling contextual LOB creation as connection was null
2015-09-15 21:39:19,216 INFO [TransactionFactoryInitiator.java] - HHH000268: Transaction strategy: org.hibernate.engine.transaction.internal.jdbc.JdbcTransactionFactory
2015-09-15 21:39:19,217 INFO [ASTQueryTranslatorFactory.java] - HHH000397: Using ASTQueryTranslatorFactory
